<?xml version="1.0" encoding="utf-8" standalone="no"?>
<!--This file represents the results of running a test suite-->
<test-results name="C:\Source Code\DatabaseVersioning\DatabaseVersioning.Tests\bin\Debug\DatabaseVersioning.Tests.dll" total="16" errors="8" failures="0" not-run="0" inconclusive="0" ignored="0" skipped="0" invalid="0" date="2010-09-20" time="09:35:51">
  <environment nunit-version="2.5.7.10213" clr-version="2.0.50727.4206" os-version="Microsoft Windows NT 6.0.6002 Service Pack 2" platform="Win32NT" cwd="C:\Program Files (x86)\NUnit 2.5.7\bin\net-2.0" machine-name="BRANDONVISTA" user="Brandon" user-domain="BrandonVista" />
  <culture-info current-culture="en-US" current-uiculture="en-US" />
  <test-suite type="Assembly" name="C:\Source Code\DatabaseVersioning\DatabaseVersioning.Tests\bin\Debug\DatabaseVersioning.Tests.dll" executed="True" result="Failure" success="False" time="0.124" asserts="0">
    <results>
      <test-suite type="Namespace" name="DatabaseVersioning" executed="True" result="Failure" success="False" time="0.118" asserts="0">
        <results>
          <test-suite type="Namespace" name="Tests" executed="True" result="Failure" success="False" time="0.083" asserts="0">
            <results>
              <test-suite type="TestFixture" name="DbVersionManagerTests" executed="True" result="Failure" success="False" time="0.081" asserts="0">
                <results>
                  <test-case name="DatabaseVersioning.Tests.DbVersionManagerTests.Mgr_Go_BeginsTransaction" executed="True" result="Success" success="True" time="0.004" asserts="0" />
                  <test-case name="DatabaseVersioning.Tests.DbVersionManagerTests.Mgr_Go_EnsuresVersionHistoryTableExists" executed="True" result="Success" success="True" time="0.002" asserts="0" />
                  <test-case name="DatabaseVersioning.Tests.DbVersionManagerTests.Mgr_Go_RunsOtherDirScriptsInOrder" executed="True" result="Error" success="False" time="0.007" asserts="0">
                    <failure>
                      <message><![CDATA[System.NotImplementedException : The method or operation is not implemented.]]></message>
                      <stack-trace><![CDATA[at DatabaseVersioning.Tests.DbVersionManagerTests.Mgr_Go_RunsOtherDirScriptsInOrder() in C:\Source Code\DatabaseVersioning\DatabaseVersioning.Tests\DbVersionManagerTests.vb:line 184
]]></stack-trace>
                    </failure>
                  </test-case>
                  <test-case name="DatabaseVersioning.Tests.DbVersionManagerTests.Mgr_Go_RunsOtherScriptsAfterScripts" executed="True" result="Error" success="False" time="0.001" asserts="0">
                    <failure>
                      <message><![CDATA[System.NotImplementedException : The method or operation is not implemented.]]></message>
                      <stack-trace><![CDATA[at DatabaseVersioning.Tests.DbVersionManagerTests.Mgr_Go_RunsOtherScriptsAfterScripts() in C:\Source Code\DatabaseVersioning\DatabaseVersioning.Tests\DbVersionManagerTests.vb:line 179
]]></stack-trace>
                    </failure>
                  </test-case>
                  <test-case name="DatabaseVersioning.Tests.DbVersionManagerTests.Mgr_Go_RunsScripts" executed="True" result="Success" success="True" time="0.009" asserts="0" />
                  <test-case name="DatabaseVersioning.Tests.DbVersionManagerTests.Mgr_Go_RunsScriptsInOrderOfVersion" executed="True" result="Success" success="True" time="0.002" asserts="0" />
                  <test-case name="DatabaseVersioning.Tests.DbVersionManagerTests.Mgr_Go_UpdatesVersionForEachScript" executed="True" result="Error" success="False" time="0.000" asserts="0">
                    <failure>
                      <message><![CDATA[System.NotImplementedException : The method or operation is not implemented.]]></message>
                      <stack-trace><![CDATA[at DatabaseVersioning.Tests.DbVersionManagerTests.Mgr_Go_UpdatesVersionForEachScript() in C:\Source Code\DatabaseVersioning\DatabaseVersioning.Tests\DbVersionManagerTests.vb:line 199
]]></stack-trace>
                    </failure>
                  </test-case>
                  <test-case name="DatabaseVersioning.Tests.DbVersionManagerTests.MgrGo_DatabaseExists_DoesNotCreateDatabase" executed="True" result="Error" success="False" time="0.001" asserts="0">
                    <failure>
                      <message><![CDATA[System.NotImplementedException : The method or operation is not implemented.]]></message>
                      <stack-trace><![CDATA[at DatabaseVersioning.Tests.DbVersionManagerTests.MgrGo_DatabaseExists_DoesNotCreateDatabase() in C:\Source Code\DatabaseVersioning\DatabaseVersioning.Tests\DbVersionManagerTests.vb:line 84
]]></stack-trace>
                    </failure>
                  </test-case>
                  <test-case name="DatabaseVersioning.Tests.DbVersionManagerTests.MgrGo_DropAllFalse_DoesNotDropItems" executed="True" result="Success" success="True" time="0.007" asserts="0" />
                  <test-case name="DatabaseVersioning.Tests.DbVersionManagerTests.MgrGo_DropAllTrue_DropsAllItems" executed="True" result="Success" success="True" time="0.002" asserts="0" />
                  <test-case name="DatabaseVersioning.Tests.DbVersionManagerTests.MgrGo_Errors_ReturnsErrorMessage" executed="True" result="Error" success="False" time="0.001" asserts="0">
                    <failure>
                      <message><![CDATA[System.NotImplementedException : The method or operation is not implemented.]]></message>
                      <stack-trace><![CDATA[at DatabaseVersioning.Tests.DbVersionManagerTests.MgrGo_Errors_ReturnsErrorMessage() in C:\Source Code\DatabaseVersioning\DatabaseVersioning.Tests\DbVersionManagerTests.vb:line 204
]]></stack-trace>
                    </failure>
                  </test-case>
                  <test-case name="DatabaseVersioning.Tests.DbVersionManagerTests.MgrGo_Errors_RollsBackTransaction" executed="True" result="Success" success="True" time="0.007" asserts="0" />
                  <test-case name="DatabaseVersioning.Tests.DbVersionManagerTests.MgrGo_FreshDatabase_RunsAllScripts" executed="True" result="Error" success="False" time="0.001" asserts="0">
                    <failure>
                      <message><![CDATA[System.NotImplementedException : The method or operation is not implemented.]]></message>
                      <stack-trace><![CDATA[at DatabaseVersioning.Tests.DbVersionManagerTests.MgrGo_FreshDatabase_RunsAllScripts() in C:\Source Code\DatabaseVersioning\DatabaseVersioning.Tests\DbVersionManagerTests.vb:line 189
]]></stack-trace>
                    </failure>
                  </test-case>
                  <test-case name="DatabaseVersioning.Tests.DbVersionManagerTests.MgrGo_NoDatabase_CreatesDatabase" executed="True" result="Error" success="False" time="0.001" asserts="0">
                    <failure>
                      <message><![CDATA[System.NotImplementedException : The method or operation is not implemented.]]></message>
                      <stack-trace><![CDATA[at DatabaseVersioning.Tests.DbVersionManagerTests.MgrGo_NoDatabase_CreatesDatabase() in C:\Source Code\DatabaseVersioning\DatabaseVersioning.Tests\DbVersionManagerTests.vb:line 79
]]></stack-trace>
                    </failure>
                  </test-case>
                  <test-case name="DatabaseVersioning.Tests.DbVersionManagerTests.MgrGo_PartiallyUpdatedDatabase_RunsOnlyNecessaryScripts" executed="True" result="Error" success="False" time="0.000" asserts="0">
                    <failure>
                      <message><![CDATA[System.NotImplementedException : The method or operation is not implemented.]]></message>
                      <stack-trace><![CDATA[at DatabaseVersioning.Tests.DbVersionManagerTests.MgrGo_PartiallyUpdatedDatabase_RunsOnlyNecessaryScripts() in C:\Source Code\DatabaseVersioning\DatabaseVersioning.Tests\DbVersionManagerTests.vb:line 194
]]></stack-trace>
                    </failure>
                  </test-case>
                  <test-case name="DatabaseVersioning.Tests.DbVersionManagerTests.MgrGo_Succeeds_CommitsTransaction" executed="True" result="Success" success="True" time="0.003" asserts="0" />
                </results>
              </test-suite>
            </results>
          </test-suite>
        </results>
      </test-suite>
    </results>
  </test-suite>
</test-results>